{"/home/node/app/src/exchanges/binance/BinanceRequestMaker.ts": {"path":"/home/node/app/src/exchanges/binance/BinanceRequestMaker.ts","statementMap":{"0":{"start":{"line":1,"column":0},"end":{"line":1,"column":45}},"1":{"start":{"line":2,"column":0},"end":{"line":2,"column":36}},"2":{"start":{"line":3,"column":0},"end":{"line":3,"column":58}},"3":{"start":{"line":4,"column":0},"end":{"line":4,"column":53}},"4":{"start":{"line":13,"column":4},"end":{"line":13,"column":57}},"5":{"start":{"line":14,"column":4},"end":{"line":14,"column":65}},"6":{"start":{"line":15,"column":4},"end":{"line":15,"column":59}},"7":{"start":{"line":19,"column":38},"end":{"line":19,"column":79}},"8":{"start":{"line":21,"column":4},"end":{"line":32,"column":9}},"9":{"start":{"line":28,"column":8},"end":{"line":28,"column":24}},"10":{"start":{"line":31,"column":8},"end":{"line":31,"column":21}},"11":{"start":{"line":36,"column":25},"end":{"line":36,"column":27}},"12":{"start":{"line":46,"column":8},"end":{"line":46,"column":22}},"13":{"start":{"line":48,"column":23},"end":{"line":48,"column":55}},"14":{"start":{"line":49,"column":4},"end":{"line":51,"column":null}},"15":{"start":{"line":50,"column":6},"end":{"line":50,"column":51}},"16":{"start":{"line":53,"column":4},"end":{"line":58,"column":null}},"17":{"start":{"line":54,"column":6},"end":{"line":57,"column":9}},"18":{"start":{"line":60,"column":4},"end":{"line":62,"column":null}},"19":{"start":{"line":61,"column":6},"end":{"line":61,"column":51}},"20":{"start":{"line":64,"column":4},"end":{"line":64,"column":46}},"21":{"start":{"line":66,"column":4},"end":{"line":66,"column":37}},"22":{"start":{"line":70,"column":17},"end":{"line":72,"column":20}},"23":{"start":{"line":74,"column":4},"end":{"line":74,"column":16}},"24":{"start":{"line":78,"column":4},"end":{"line":80,"column":null}},"25":{"start":{"line":79,"column":6},"end":{"line":79,"column":31}},"26":{"start":{"line":82,"column":4},"end":{"line":82,"column":48}},"27":{"start":{"line":86,"column":19},"end":{"line":86,"column":41}},"28":{"start":{"line":87,"column":4},"end":{"line":88,"column":72}},"29":{"start":{"line":92,"column":4},"end":{"line":100,"column":9}},"30":{"start":{"line":95,"column":8},"end":{"line":95,"column":24}},"31":{"start":{"line":98,"column":8},"end":{"line":98,"column":41}},"32":{"start":{"line":99,"column":8},"end":{"line":99,"column":21}},"33":{"start":{"line":104,"column":0},"end":{"line":104,"column":35}}},"fnMap":{"0":{"name":"(anonymous_1)","decl":{"start":{"line":12,"column":2},"end":{"line":12,"column":null}},"loc":{"start":{"line":12,"column":2},"end":{"line":16,"column":3}}},"1":{"name":"(anonymous_2)","decl":{"start":{"line":18,"column":2},"end":{"line":18,"column":7}},"loc":{"start":{"line":18,"column":46},"end":{"line":33,"column":3}}},"2":{"name":"(anonymous_3)","decl":{"start":{"line":27,"column":12},"end":{"line":27,"column":13}},"loc":{"start":{"line":27,"column":25},"end":{"line":29,"column":7}}},"3":{"name":"(anonymous_4)","decl":{"start":{"line":30,"column":13},"end":{"line":30,"column":14}},"loc":{"start":{"line":30,"column":23},"end":{"line":32,"column":7}}},"4":{"name":"(anonymous_5)","decl":{"start":{"line":35,"column":10},"end":{"line":35,"column":15}},"loc":{"start":{"line":35,"column":61},"end":{"line":67,"column":3}}},"5":{"name":"(anonymous_6)","decl":{"start":{"line":69,"column":10},"end":{"line":69,"column":24}},"loc":{"start":{"line":69,"column":56},"end":{"line":75,"column":3}}},"6":{"name":"(anonymous_7)","decl":{"start":{"line":77,"column":10},"end":{"line":77,"column":15}},"loc":{"start":{"line":77,"column":28},"end":{"line":83,"column":3}}},"7":{"name":"(anonymous_8)","decl":{"start":{"line":85,"column":10},"end":{"line":85,"column":15}},"loc":{"start":{"line":85,"column":27},"end":{"line":89,"column":3}}},"8":{"name":"(anonymous_9)","decl":{"start":{"line":91,"column":10},"end":{"line":91,"column":19}},"loc":{"start":{"line":91,"column":19},"end":{"line":101,"column":3}}},"9":{"name":"(anonymous_10)","decl":{"start":{"line":94,"column":12},"end":{"line":94,"column":13}},"loc":{"start":{"line":94,"column":25},"end":{"line":96,"column":7}}},"10":{"name":"(anonymous_11)","decl":{"start":{"line":97,"column":13},"end":{"line":97,"column":14}},"loc":{"start":{"line":97,"column":23},"end":{"line":100,"column":7}}}},"branchMap":{"0":{"loc":{"start":{"line":13,"column":27},"end":{"line":13,"column":50}},"type":"binary-expr","locations":[{"start":{"line":13,"column":27},"end":{"line":13,"column":50}},{"start":{"line":13,"column":54},"end":{"line":13,"column":56}}]},"1":{"loc":{"start":{"line":14,"column":28},"end":{"line":14,"column":58}},"type":"binary-expr","locations":[{"start":{"line":14,"column":28},"end":{"line":14,"column":58}},{"start":{"line":14,"column":62},"end":{"line":14,"column":64}}]},"2":{"loc":{"start":{"line":15,"column":25},"end":{"line":15,"column":52}},"type":"binary-expr","locations":[{"start":{"line":15,"column":25},"end":{"line":15,"column":52}},{"start":{"line":15,"column":56},"end":{"line":15,"column":58}}]},"3":{"loc":{"start":{"line":23,"column":14},"end":{"line":23,"column":35}},"type":"binary-expr","locations":[{"start":{"line":23,"column":14},"end":{"line":23,"column":35}},{"start":{"line":23,"column":39},"end":{"line":23,"column":53}}]},"4":{"loc":{"start":{"line":24,"column":12},"end":{"line":24,"column":31}},"type":"binary-expr","locations":[{"start":{"line":24,"column":12},"end":{"line":24,"column":31}},{"start":{"line":24,"column":35},"end":{"line":24,"column":37}}]},"5":{"loc":{"start":{"line":39,"column":15},"end":{"line":43,"column":null}},"type":"default-arg","locations":[{"start":{"line":39,"column":15},"end":{"line":43,"column":null}}]},"6":{"loc":{"start":{"line":44,"column":15},"end":{"line":44,"column":17}},"type":"default-arg","locations":[{"start":{"line":44,"column":15},"end":{"line":44,"column":17}}]},"7":{"loc":{"start":{"line":45,"column":13},"end":{"line":45,"column":15}},"type":"default-arg","locations":[{"start":{"line":45,"column":13},"end":{"line":45,"column":15}}]},"8":{"loc":{"start":{"line":49,"column":4},"end":{"line":51,"column":null}},"type":"if","locations":[{"start":{"line":49,"column":4},"end":{"line":51,"column":null}},{"start":{"line":49,"column":4},"end":{"line":51,"column":null}}]},"9":{"loc":{"start":{"line":53,"column":4},"end":{"line":58,"column":null}},"type":"if","locations":[{"start":{"line":53,"column":4},"end":{"line":58,"column":null}},{"start":{"line":53,"column":4},"end":{"line":58,"column":null}}]},"10":{"loc":{"start":{"line":60,"column":4},"end":{"line":62,"column":null}},"type":"if","locations":[{"start":{"line":60,"column":4},"end":{"line":62,"column":null}},{"start":{"line":60,"column":4},"end":{"line":62,"column":null}}]},"11":{"loc":{"start":{"line":69,"column":54},"end":{"line":69,"column":56}},"type":"default-arg","locations":[{"start":{"line":69,"column":54},"end":{"line":69,"column":56}}]},"12":{"loc":{"start":{"line":69,"column":36},"end":{"line":69,"column":38}},"type":"default-arg","locations":[{"start":{"line":69,"column":36},"end":{"line":69,"column":38}}]},"13":{"loc":{"start":{"line":69,"column":47},"end":{"line":69,"column":49}},"type":"default-arg","locations":[{"start":{"line":69,"column":47},"end":{"line":69,"column":49}}]},"14":{"loc":{"start":{"line":78,"column":4},"end":{"line":80,"column":null}},"type":"if","locations":[{"start":{"line":78,"column":4},"end":{"line":80,"column":null}},{"start":{"line":78,"column":4},"end":{"line":80,"column":null}}]}},"s":{"0":1,"1":1,"2":1,"3":1,"4":1,"5":1,"6":1,"7":4,"8":4,"9":0,"10":4,"11":4,"12":4,"13":4,"14":4,"15":2,"16":4,"17":1,"18":4,"19":3,"20":4,"21":4,"22":1,"23":1,"24":0,"25":0,"26":0,"27":0,"28":0,"29":0,"30":0,"31":0,"32":0,"33":1},"f":{"0":1,"1":4,"2":0,"3":4,"4":4,"5":1,"6":0,"7":0,"8":0,"9":0,"10":0},"b":{"0":[1,1],"1":[1,1],"2":[1,1],"3":[4,4],"4":[4,4],"5":[1],"6":[4],"7":[4],"8":[2,2],"9":[1,3],"10":[3,1],"11":[0],"12":[0],"13":[0],"14":[0,0]}}
,"/home/node/app/src/exchanges/binance/types.ts": {"path":"/home/node/app/src/exchanges/binance/types.ts","statementMap":{"0":{"start":{"line":1,"column":0},"end":{"line":1,"column":null}},"1":{"start":{"line":2,"column":2},"end":{"line":2,"column":null}},"2":{"start":{"line":3,"column":2},"end":{"line":3,"column":null}},"3":{"start":{"line":4,"column":2},"end":{"line":4,"column":null}},"4":{"start":{"line":5,"column":2},"end":{"line":5,"column":null}}},"fnMap":{"0":{"name":"(anonymous_0)","decl":{"start":{"line":1,"column":0},"end":{"line":1,"column":12}},"loc":{"start":{"line":1,"column":22},"end":{"line":6,"column":1}}}},"branchMap":{"0":{"loc":{"start":{"line":1,"column":12},"end":{"line":1,"column":22}},"type":"binary-expr","locations":[{"start":{"line":1,"column":12},"end":{"line":1,"column":22}},{"start":{"line":1,"column":12},"end":{"line":1,"column":null}}]}},"s":{"0":1,"1":1,"2":1,"3":1,"4":1},"f":{"0":1},"b":{"0":[1,1]}}
,"/home/node/app/src/helpers/requestHelper.ts": {"path":"/home/node/app/src/helpers/requestHelper.ts","statementMap":{"0":{"start":{"line":1,"column":27},"end":{"line":10,"column":1}},"1":{"start":{"line":2,"column":23},"end":{"line":2,"column":25}},"2":{"start":{"line":4,"column":2},"end":{"line":7,"column":null}},"3":{"start":{"line":5,"column":19},"end":{"line":5,"column":41}},"4":{"start":{"line":6,"column":4},"end":{"line":6,"column":66}},"5":{"start":{"line":9,"column":2},"end":{"line":9,"column":24}},"6":{"start":{"line":1,"column":13},"end":{"line":1,"column":27}}},"fnMap":{"0":{"name":"(anonymous_0)","decl":{"start":{"line":1,"column":27},"end":{"line":1,"column":28}},"loc":{"start":{"line":1,"column":42},"end":{"line":10,"column":1}}}},"branchMap":{"0":{"loc":{"start":{"line":6,"column":39},"end":{"line":6,"column":51}},"type":"cond-expr","locations":[{"start":{"line":6,"column":39},"end":{"line":6,"column":51}},{"start":{"line":6,"column":54},"end":{"line":6,"column":65}}]}},"s":{"0":1,"1":6,"2":6,"3":4,"4":4,"5":6,"6":1},"f":{"0":6},"b":{"0":[1,3]}}
}
