TN:
SF:src/application/entities/Trade/Trade.ts
FN:11,(anonymous_0)
FN:19,(anonymous_1)
FN:23,(anonymous_2)
FN:27,(anonymous_3)
FN:31,(anonymous_4)
FN:35,(anonymous_5)
FN:39,(anonymous_6)
FNF:7
FNH:7
FNDA:7,(anonymous_0)
FNDA:2,(anonymous_1)
FNDA:2,(anonymous_2)
FNDA:3,(anonymous_3)
FNDA:2,(anonymous_4)
FNDA:3,(anonymous_5)
FNDA:5,(anonymous_6)
DA:1,4
DA:2,4
DA:12,7
DA:13,7
DA:14,7
DA:16,7
DA:20,2
DA:24,2
DA:28,3
DA:32,2
DA:36,3
DA:40,5
DA:44,4
LF:13
LH:13
BRF:0
BRH:0
end_of_record
TN:
SF:src/application/entities/Trade/TradeOco.ts
FN:11,(anonymous_1)
FN:23,(anonymous_2)
FN:27,(anonymous_3)
FN:31,(anonymous_4)
FN:35,(anonymous_5)
FNF:5
FNH:5
FNDA:6,(anonymous_1)
FNDA:2,(anonymous_2)
FNDA:2,(anonymous_3)
FNDA:2,(anonymous_4)
FNDA:2,(anonymous_5)
DA:1,3
DA:2,3
DA:12,6
DA:14,6
DA:15,1
DA:20,5
DA:24,2
DA:28,2
DA:32,2
DA:36,2
DA:40,3
LF:11
LH:11
BRDA:14,0,0,1
BRDA:14,0,1,5
BRF:2
BRH:2
end_of_record
TN:
SF:src/application/entities/Trade/TradeTypes.ts
FN:1,(anonymous_0)
FN:8,(anonymous_1)
FN:13,(anonymous_2)
FNF:3
FNH:3
FNDA:4,(anonymous_0)
FNDA:4,(anonymous_1)
FNDA:4,(anonymous_2)
DA:1,4
DA:2,4
DA:3,4
DA:4,4
DA:5,4
DA:8,4
DA:9,4
DA:10,4
DA:13,4
DA:14,4
DA:15,4
LF:11
LH:11
BRDA:1,0,0,4
BRDA:1,0,1,4
BRDA:8,1,0,4
BRDA:8,1,1,4
BRDA:13,2,0,4
BRDA:13,2,1,4
BRF:6
BRH:6
end_of_record
TN:
SF:src/application/useCases/CreateTrade/CreateTradeUseCase.ts
FN:16,(anonymous_1)
FN:22,(anonymous_2)
FN:30,(anonymous_3)
FN:38,(anonymous_4)
FN:44,(anonymous_5)
FN:59,(anonymous_6)
FNF:6
FNH:6
FNDA:1,(anonymous_1)
FNDA:1,(anonymous_2)
FNDA:3,(anonymous_3)
FNDA:1,(anonymous_4)
FNDA:3,(anonymous_5)
FNDA:3,(anonymous_6)
DA:1,1
DA:2,1
DA:10,1
DA:13,1
DA:14,1
DA:17,1
DA:18,1
DA:19,1
DA:23,1
DA:25,1
DA:26,3
DA:31,3
DA:32,3
DA:33,3
DA:35,3
DA:39,1
DA:40,1
DA:44,1
DA:45,3
DA:56,1
DA:63,3
DA:64,3
DA:66,3
DA:67,0
DA:72,3
DA:76,1
LF:26
LH:25
BRDA:66,0,0,0
BRDA:66,0,1,3
BRF:2
BRH:1
end_of_record
TN:
SF:src/errors/ValidationError.ts
FN:2,(anonymous_0)
FNF:1
FNH:1
FNDA:1,(anonymous_0)
DA:3,1
DA:4,1
DA:5,1
DA:9,3
LF:4
LH:4
BRF:0
BRH:0
end_of_record
TN:
SF:src/exchanges/binance/BinanceRequestMaker.ts
FN:12,(anonymous_1)
FN:18,(anonymous_2)
FN:26,(anonymous_3)
FN:29,(anonymous_4)
FN:34,(anonymous_5)
FN:68,(anonymous_6)
FN:76,(anonymous_7)
FN:84,(anonymous_8)
FN:90,(anonymous_9)
FN:93,(anonymous_10)
FN:96,(anonymous_11)
FNF:11
FNH:5
FNDA:1,(anonymous_1)
FNDA:4,(anonymous_2)
FNDA:0,(anonymous_3)
FNDA:4,(anonymous_4)
FNDA:4,(anonymous_5)
FNDA:1,(anonymous_6)
FNDA:0,(anonymous_7)
FNDA:0,(anonymous_8)
FNDA:0,(anonymous_9)
FNDA:0,(anonymous_10)
FNDA:0,(anonymous_11)
DA:1,1
DA:2,1
DA:3,1
DA:4,1
DA:13,1
DA:14,1
DA:15,1
DA:19,4
DA:21,4
DA:27,0
DA:30,4
DA:35,4
DA:45,4
DA:47,4
DA:48,4
DA:49,2
DA:52,4
DA:53,1
DA:59,4
DA:60,3
DA:63,4
DA:65,4
DA:69,1
DA:73,1
DA:77,0
DA:78,0
DA:81,0
DA:85,0
DA:86,0
DA:91,0
DA:94,0
DA:97,0
DA:98,0
DA:103,1
LF:34
LH:24
BRDA:13,0,0,1
BRDA:13,0,1,1
BRDA:14,1,0,1
BRDA:14,1,1,1
BRDA:15,2,0,1
BRDA:15,2,1,1
BRDA:23,3,0,4
BRDA:23,3,1,4
BRDA:38,4,0,1
BRDA:43,5,0,4
BRDA:44,6,0,4
BRDA:48,7,0,2
BRDA:48,7,1,2
BRDA:52,8,0,1
BRDA:52,8,1,3
BRDA:59,9,0,3
BRDA:59,9,1,1
BRDA:68,10,0,0
BRDA:68,11,0,0
BRDA:68,12,0,0
BRDA:77,13,0,0
BRDA:77,13,1,0
BRF:22
BRH:17
end_of_record
TN:
SF:src/exchanges/binance/types.ts
FN:1,(anonymous_0)
FNF:1
FNH:1
FNDA:2,(anonymous_0)
DA:1,2
DA:2,2
DA:3,2
DA:4,2
DA:5,2
LF:5
LH:5
BRDA:1,0,0,2
BRDA:1,0,1,2
BRF:2
BRH:2
end_of_record
TN:
SF:src/exchanges/binance/trade/BinanceTrade.ts
FN:9,(anonymous_1)
FN:13,(anonymous_2)
FNF:2
FNH:2
FNDA:1,(anonymous_1)
FNDA:1,(anonymous_2)
DA:3,1
DA:4,1
DA:10,1
DA:14,1
DA:33,1
DA:37,1
LF:6
LH:6
BRF:0
BRH:0
end_of_record
TN:
SF:src/helpers/numberHelper.ts
FN:1,(anonymous_0)
FNF:1
FNH:1
FNDA:3,(anonymous_0)
DA:1,1
DA:2,3
DA:4,3
LF:3
LH:3
BRDA:2,0,0,0
BRDA:2,0,1,3
BRDA:4,1,0,3
BRDA:4,1,1,0
BRF:4
BRH:2
end_of_record
TN:
SF:src/helpers/requestHelper.ts
FN:1,(anonymous_0)
FNF:1
FNH:1
FNDA:6,(anonymous_0)
DA:1,1
DA:2,6
DA:4,6
DA:5,4
DA:6,4
DA:9,6
LF:6
LH:6
BRDA:6,0,0,1
BRDA:6,0,1,3
BRF:2
BRH:2
end_of_record
TN:
SF:src/tests/helpers/trade/tradeHelpers.ts
FN:3,(anonymous_0)
FN:13,(anonymous_1)
FNF:2
FNH:2
FNDA:1,(anonymous_0)
FNDA:1,(anonymous_1)
DA:3,1
DA:4,1
DA:13,1
DA:14,1
LF:4
LH:4
BRDA:13,0,0,1
BRF:1
BRH:1
end_of_record
