TN:
SF:src/exchanges/binance/BinanceRequestMaker.ts
FN:12,(anonymous_1)
FN:18,(anonymous_2)
FN:27,(anonymous_3)
FN:30,(anonymous_4)
FN:35,(anonymous_5)
FN:69,(anonymous_6)
FN:77,(anonymous_7)
FN:85,(anonymous_8)
FN:91,(anonymous_9)
FN:94,(anonymous_10)
FN:97,(anonymous_11)
FNF:11
FNH:5
FNDA:1,(anonymous_1)
FNDA:4,(anonymous_2)
FNDA:0,(anonymous_3)
FNDA:4,(anonymous_4)
FNDA:4,(anonymous_5)
FNDA:1,(anonymous_6)
FNDA:0,(anonymous_7)
FNDA:0,(anonymous_8)
FNDA:0,(anonymous_9)
FNDA:0,(anonymous_10)
FNDA:0,(anonymous_11)
DA:1,1
DA:2,1
DA:3,1
DA:4,1
DA:13,1
DA:14,1
DA:15,1
DA:19,4
DA:21,4
DA:28,0
DA:31,4
DA:36,4
DA:46,4
DA:48,4
DA:49,4
DA:50,2
DA:53,4
DA:54,1
DA:60,4
DA:61,3
DA:64,4
DA:66,4
DA:70,1
DA:74,1
DA:78,0
DA:79,0
DA:82,0
DA:86,0
DA:87,0
DA:92,0
DA:95,0
DA:98,0
DA:99,0
DA:104,1
LF:34
LH:24
BRDA:13,0,0,1
BRDA:13,0,1,1
BRDA:14,1,0,1
BRDA:14,1,1,1
BRDA:15,2,0,1
BRDA:15,2,1,1
BRDA:23,3,0,4
BRDA:23,3,1,4
BRDA:24,4,0,4
BRDA:24,4,1,4
BRDA:39,5,0,1
BRDA:44,6,0,4
BRDA:45,7,0,4
BRDA:49,8,0,2
BRDA:49,8,1,2
BRDA:53,9,0,1
BRDA:53,9,1,3
BRDA:60,10,0,3
BRDA:60,10,1,1
BRDA:69,11,0,0
BRDA:69,12,0,0
BRDA:69,13,0,0
BRDA:78,14,0,0
BRDA:78,14,1,0
BRF:24
BRH:19
end_of_record
TN:
SF:src/exchanges/binance/types.ts
FN:1,(anonymous_0)
FNF:1
FNH:1
FNDA:1,(anonymous_0)
DA:1,1
DA:2,1
DA:3,1
DA:4,1
DA:5,1
LF:5
LH:5
BRDA:1,0,0,1
BRDA:1,0,1,1
BRF:2
BRH:2
end_of_record
TN:
SF:src/helpers/requestHelper.ts
FN:1,(anonymous_0)
FNF:1
FNH:1
FNDA:6,(anonymous_0)
DA:1,1
DA:2,6
DA:4,6
DA:5,4
DA:6,4
DA:9,6
LF:6
LH:6
BRDA:6,0,0,1
BRDA:6,0,1,3
BRF:2
BRH:2
end_of_record
